c:\users\exelim\documents\visual studio 2015\projects\consoleapplication1\consoleapplication1\debug\vc140.pdb
c:\users\exelim\documents\visual studio 2015\projects\consoleapplication1\consoleapplication1\debug\vc140.idb
c:\users\exelim\documents\visual studio 2015\projects\consoleapplication1\consoleapplication1\debug\source.obj
c:\users\exelim\documents\visual studio 2015\projects\consoleapplication1\consoleapplication1\debug\pipeline.obj
c:\users\exelim\documents\visual studio 2015\projects\consoleapplication1\consoleapplication1\debug\camera.obj
c:\users\exelim\documents\visual studio 2015\projects\consoleapplication1\consoleapplication1\debug\math_3d.obj
c:\users\exelim\documents\visual studio 2015\projects\consoleapplication1\consoleapplication1\debug\main.obj
c:\users\exelim\documents\visual studio 2015\projects\consoleapplication1\consoleapplication1\debug\texture.obj
c:\users\exelim\documents\visual studio 2015\projects\consoleapplication1\consoleapplication1\debug\tga.obj
c:\users\exelim\documents\visual studio 2015\projects\consoleapplication1\consoleapplication1\debug\shaders.obj
c:\users\exelim\documents\visual studio 2015\projects\consoleapplication1\consoleapplication1\debug\object.obj
c:\users\exelim\documents\visual studio 2015\projects\consoleapplication1\consoleapplication1\debug\bird_object.obj
c:\users\exelim\documents\visual studio 2015\projects\consoleapplication1\consoleapplication1\debug\pipeobject.obj
c:\users\nikolay.vrublevskiy\desktop\consoleapplication1\consoleapplication1\debug\vc140.pdb
c:\users\nikolay.vrublevskiy\desktop\consoleapplication1\consoleapplication1\debug\vc140.idb
c:\users\nikolay.vrublevskiy\desktop\consoleapplication1\consoleapplication1\debug\camera.obj
c:\users\nikolay.vrublevskiy\desktop\consoleapplication1\consoleapplication1\debug\tga.obj
c:\users\nikolay.vrublevskiy\desktop\consoleapplication1\consoleapplication1\debug\math_3d.obj
c:\users\nikolay.vrublevskiy\desktop\consoleapplication1\consoleapplication1\debug\pipeline.obj
c:\users\exelim\documents\visual studio 2015\projects\consoleapplication1\debug\consoleapplication1.ilk
c:\users\exelim\documents\visual studio 2015\projects\consoleapplication1\debug\consoleapplication1.exe
c:\users\exelim\documents\visual studio 2015\projects\consoleapplication1\debug\consoleapplication1.pdb
c:\users\nikolay.vrublevskiy\desktop\consoleapplication1\consoleapplication1\debug\source.obj
c:\users\nikolay.vrublevskiy\desktop\consoleapplication1\debug\consoleapplication1.pdb
c:\users\nikolay.vrublevskiy\desktop\consoleapplication1\debug\consoleapplication1.exe
c:\users\nikolay.vrublevskiy\desktop\consoleapplication1\debug\consoleapplication1.ilk
c:\users\nikolay.vrublevskiy\desktop\consoleapplication1\consoleapplication1\debug\consolea.f510b228.tlog\cl.command.1.tlog
c:\users\nikolay.vrublevskiy\desktop\consoleapplication1\consoleapplication1\debug\consolea.f510b228.tlog\cl.read.1.tlog
c:\users\nikolay.vrublevskiy\desktop\consoleapplication1\consoleapplication1\debug\consolea.f510b228.tlog\cl.write.1.tlog
c:\users\nikolay.vrublevskiy\desktop\consoleapplication1\consoleapplication1\debug\consolea.f510b228.tlog\link.command.1.tlog
c:\users\nikolay.vrublevskiy\desktop\consoleapplication1\consoleapplication1\debug\consolea.f510b228.tlog\link.read.1.tlog
c:\users\nikolay.vrublevskiy\desktop\consoleapplication1\consoleapplication1\debug\consolea.f510b228.tlog\link.write.1.tlog
