Build started 18.01.2016 20:20:25.
     1>Project "C:\Users\exelim\Documents\Visual Studio 2015\Projects\ConsoleApplication1\ConsoleApplication1\ConsoleApplication1.vcxproj" on node 2 (Build target(s)).
     1>ClCompile:
         C:\Program Files (x86)\Microsoft Visual Studio 14.0\VC\bin\CL.exe /c /I"C:\Users\exelim\Documents\Visual Studio 2015\Projects\ConsoleApplication1\ConsoleApplication1\GLES2" /I"C:\Program Files\ImageMagick\include" /I"C:\Users\exelim\Desktop\glew-1.13.0\include" /IC:\Users\exelim\Desktop\freeglut\include /ZI /nologo /W3 /WX- /sdl /Od /Oy- /D WIN32 /D _DEBUG /D _CONSOLE /D _UNICODE /D UNICODE /Gm /EHsc /RTC1 /MDd /GS /fp:precise /Zc:wchar_t /Zc:forScope /Zc:inline /Fo"Debug\\" /Fd"Debug\vc140.pdb" /Gd /TP /analyze- /errorReport:prompt Bird_Object.cpp
         Bird_Object.cpp
     1>c:\users\exelim\documents\visual studio 2015\projects\consoleapplication1\consoleapplication1\bird_object.cpp(53): warning C4244: '=': conversion from 'GLint' to 'GLfloat', possible loss of data
     1>c:\users\exelim\documents\visual studio 2015\projects\consoleapplication1\consoleapplication1\bird_object.cpp(54): warning C4244: 'argument': conversion from 'double' to 'GLfloat', possible loss of data
     1>c:\users\exelim\documents\visual studio 2015\projects\consoleapplication1\consoleapplication1\bird_object.cpp(54): warning C4244: 'argument': conversion from 'GLfloat' to 'GLint', possible loss of data
       Link:
         C:\Program Files (x86)\Microsoft Visual Studio 14.0\VC\bin\link.exe /ERRORREPORT:PROMPT /OUT:"C:\Users\exelim\Documents\Visual Studio 2015\Projects\ConsoleApplication1\Debug\ConsoleApplication1.exe" /INCREMENTAL /NOLOGO /LIBPATH:"C:\Users\exelim\Documents\Visual Studio 2015\Projects\ConsoleApplication1\ConsoleApplication1\Lib" /LIBPATH:"C:\Users\exelim\Desktop\glew-1.13.0\lib\Release\Win32" /LIBPATH:C:\Users\exelim\Desktop\freeglut\lib kernel32.lib user32.lib gdi32.lib winspool.lib comdlg32.lib advapi32.lib shell32.lib ole32.lib oleaut32.lib uuid.lib odbc32.lib odbccp32.lib /MANIFEST /MANIFESTUAC:"level='asInvoker' uiAccess='false'" /manifest:embed /Debug /PDB:"C:\Users\exelim\Documents\Visual Studio 2015\Projects\ConsoleApplication1\Debug\ConsoleApplication1.pdb" /SUBSYSTEM:CONSOLE /TLBID:1 /DYNAMICBASE /NXCOMPAT /IMPLIB:"C:\Users\exelim\Documents\Visual Studio 2015\Projects\ConsoleApplication1\Debug\ConsoleApplication1.lib" /MACHINE:X86 Debug\Bird_Object.obj
         Debug\Camera.obj
         Debug\math_3d.obj
         Debug\Object.obj
         Debug\pipeline.obj
         Debug\main.obj
         Debug\PipeObject.obj
         Debug\Shaders.obj
         Debug\texture.obj
         Debug\TGA.obj
         ConsoleApplication1.vcxproj -> C:\Users\exelim\Documents\Visual Studio 2015\Projects\ConsoleApplication1\Debug\ConsoleApplication1.exe
     1>Done Building Project "C:\Users\exelim\Documents\Visual Studio 2015\Projects\ConsoleApplication1\ConsoleApplication1\ConsoleApplication1.vcxproj" (Build target(s)).

Build succeeded.

Time Elapsed 00:00:01.02
